<?xml version="1.0" encoding="UTF-8"?>
<!-- Generated by org.testng.reporters.JUnitReportReporter -->
<testsuite hostname="DESKTOP-KJ2AQ4I" failures="0" tests="4" name="mavensecond.alerts" time="57.678" errors="0" timestamp="20 Oct 2022 09:54:50 GMT">
  <testcase classname="mavensecond.alerts" name="alert4" time="25.149"/>
  <testcase classname="mavensecond.alerts" name="alert3" time="15.119"/>
  <testcase classname="mavensecond.alerts" name="alert2" time="11.157"/>
  <testcase classname="mavensecond.alerts" name="alert1" time="6.253"/>
</testsuite> <!-- mavensecond.alerts -->
