<?xml version="1.0" encoding="UTF-8"?>
<!-- Generated by org.testng.reporters.JUnitReportReporter -->
<testsuite hostname="DESKTOP-KJ2AQ4I" failures="0" tests="2" name="mavensecond.guru1" time="6.579" errors="0" timestamp="19 Oct 2022 04:57:07 GMT">
  <testcase classname="mavensecond.guru1" name="testcase2" time="4.404"/>
  <testcase classname="mavensecond.guru1" name="testcase" time="2.175"/>
</testsuite> <!-- mavensecond.guru1 -->
