<?xml version="1.0" encoding="UTF-8"?>
<!-- Generated by org.testng.reporters.JUnitReportReporter -->
<testsuite hostname="DESKTOP-KJ2AQ4I" failures="0" tests="2" name="mavensecond.link" time="6.363" errors="0" timestamp="18 Oct 2022 12:25:29 GMT">
  <testcase classname="mavensecond.link" name="Testcase1" time="0.806"/>
  <testcase classname="mavensecond.link" name="Testcase" time="5.557"/>
</testsuite> <!-- mavensecond.link -->
