<?xml version="1.0" encoding="UTF-8"?>
<!-- Generated by org.testng.reporters.JUnitReportReporter -->
<testsuite hostname="DESKTOP-KJ2AQ4I" failures="0" tests="1" name="mavensecond.window" time="12.247" errors="0" timestamp="7 Nov 2022 09:29:08 GMT">
  <testcase classname="mavensecond.window" name="windowhandles" time="12.247"/>
</testsuite> <!-- mavensecond.window -->
