<?xml version="1.0" encoding="UTF-8"?>
<!-- Generated by org.testng.reporters.JUnitReportReporter -->
<testsuite hostname="DESKTOP-KJ2AQ4I" failures="0" tests="2" name="mavensecond.alerts2" time="16.253" errors="0" timestamp="19 Oct 2022 07:44:20 GMT">
  <testcase classname="mavensecond.alerts2" name="Testcase4" time="8.098"/>
  <testcase classname="mavensecond.alerts2" name="Testcase2" time="8.155"/>
</testsuite> <!-- mavensecond.alerts2 -->
